0 info it worked if it ends with ok
1 verbose cli [
1 verbose cli   '/Users/barrymorwood/.nvm/versions/node/v20.14.0/bin/node',
1 verbose cli   '/Users/barrymorwood/node_modules/.bin/npm',
1 verbose cli   'version',
1 verbose cli   'patch'
1 verbose cli ]
2 info using npm@2.15.12
3 info using node@v20.14.0
4 info git [ 'status', '--porcelain' ]
5 verbose stack Error: Git working directory not clean.
5 verbose stack M .github/workflows/main.yml
5 verbose stack M .gitignore
5 verbose stack M .npmignore
5 verbose stack M README.md
5 verbose stack M package-lock.json
5 verbose stack M package.json
5 verbose stack A  src/functions.ts
5 verbose stack M  src/index.ts
5 verbose stack M tsconfig.json
5 verbose stack     at /Users/barrymorwood/node_modules/npm/lib/version.js:171:21
5 verbose stack     at ChildProcess.exithandler (node:child_process:414:7)
5 verbose stack     at ChildProcess.emit (node:events:519:28)
5 verbose stack     at maybeClose (node:internal/child_process:1105:16)
5 verbose stack     at Socket.<anonymous> (node:internal/child_process:457:11)
5 verbose stack     at Socket.emit (node:events:519:28)
5 verbose stack     at Pipe.<anonymous> (node:net:338:12)
6 verbose cwd /Users/barrymorwood/dev/smash/core
7 error Darwin 24.0.0
8 error argv "/Users/barrymorwood/.nvm/versions/node/v20.14.0/bin/node" "/Users/barrymorwood/node_modules/.bin/npm" "version" "patch"
9 error node v20.14.0
10 error npm  v2.15.12
11 error Git working directory not clean.
11 error M .github/workflows/main.yml
11 error M .gitignore
11 error M .npmignore
11 error M README.md
11 error M package-lock.json
11 error M package.json
11 error A  src/functions.ts
11 error M  src/index.ts
11 error M tsconfig.json
12 error If you need help, you may report this error at:
12 error     <https://github.com/npm/npm/issues>
13 verbose exit [ 1, true ]
